<?xml version="1.0" encoding="UTF-8"?>
<robot generator="Robot 7.0.1 (Python 3.12.2 on darwin)" generated="2024-08-09T17:52:47.615980" rpa="false" schemaversion="5">
<suite id="s1" name="Consulta Produto Mobile Simples" source="/Users/helena_czekster/Desktop/QA/Iterasys/ListaFinal4/tests/mobile/consulta_produto_mobile_simples.robot">
<test id="s1-t1" name="Selecionar Orquidea" line="38">
<kw name="Open Application" owner="AppiumLibrary">
<arg>${REMOTE_URL}</arg>
<arg>platformName=Android</arg>
<arg>appium:platformVersion=9.0</arg>
<arg>appium:deviceName=Samsung Galaxy S9 FHD GoogleAPI Emulator</arg>
<arg>browserName=chrome</arg>
<arg>appium:automationName=uiautomator2</arg>
<arg>appium:ensureWebviewsHavePages=${True}</arg>
<arg>appium:url=https://www.giulianaflores.com.br/</arg>
<arg>appium:nativeWebScreenshot=${True}</arg>
<arg>appium:newCommandTimeout=${3600}</arg>
<arg>appium:connectHardwareKeyboard=${True}</arg>
<doc>Opens a new application to given Appium server.
Capabilities of appium server, Android and iOS,
Please check https://appium.io/docs/en/2.1/cli/args/
| *Option*            | *Man.* | *Description*     |
| remote_url          | Yes    | Appium server url |
| alias               | no     | alias             |
| strict_ssl          | No     | allows you to send commands to an invalid certificate host like a self-signed one. |</doc>
<status status="PASS" start="2024-08-09T17:52:48.181395" elapsed="42.023087"/>
</kw>
<kw name="Go To Url" owner="AppiumLibrary">
<arg>https://www.giulianaflores.com.br/</arg>
<doc>Opens URL in default web browser.</doc>
<status status="PASS" start="2024-08-09T17:53:30.206940" elapsed="8.288668"/>
</kw>
<kw name="Get Contexts" owner="AppiumLibrary">
<msg time="2024-08-09T17:53:38.624329" level="INFO">['NATIVE_APP', 'CHROMIUM']</msg>
<msg time="2024-08-09T17:53:38.631226" level="INFO">${contexts} = ['NATIVE_APP', 'CHROMIUM']</msg>
<var>${contexts}</var>
<doc>Get available contexts.</doc>
<status status="PASS" start="2024-08-09T17:53:38.497100" elapsed="0.138001"/>
</kw>
<kw name="Log" owner="BuiltIn">
<msg time="2024-08-09T17:53:38.639753" level="INFO">['NATIVE_APP', 'CHROMIUM']</msg>
<arg>${contexts}</arg>
<doc>Logs the given message with the given level.</doc>
<status status="PASS" start="2024-08-09T17:53:38.638611" elapsed="0.001826"/>
</kw>
<kw name="Log To Console" owner="BuiltIn">
<arg>${contexts}</arg>
<doc>Logs the given message to the console.</doc>
<status status="PASS" start="2024-08-09T17:53:38.647585" elapsed="0.003296"/>
</kw>
<kw name="Switch To Context" owner="AppiumLibrary">
<arg>NATIVE_APP</arg>
<doc>Switch to a new context</doc>
<status status="PASS" start="2024-08-09T17:53:38.653740" elapsed="0.092714"/>
</kw>
<kw name="Wait Until Page Contains Element" owner="AppiumLibrary">
<arg>${btn_aceitar_notificacoes}</arg>
<arg>10000ms</arg>
<doc>Waits until element specified with `locator` appears on current page.</doc>
<status status="PASS" start="2024-08-09T17:53:38.748637" elapsed="3.023350"/>
</kw>
<kw name="Click Element" owner="AppiumLibrary">
<msg time="2024-08-09T17:53:41.789054" level="INFO">Clicking element 'android=new UiSelector().resourceId("com.android.chrome:id/positive_button")'.</msg>
<arg>${btn_aceitar_notificacoes}</arg>
<doc>Click element identified by `locator`.</doc>
<status status="PASS" start="2024-08-09T17:53:41.773301" elapsed="2.499845"/>
</kw>
<kw name="Switch To Context" owner="AppiumLibrary">
<arg>CHROMIUM</arg>
<doc>Switch to a new context</doc>
<status status="PASS" start="2024-08-09T17:53:44.278599" elapsed="0.226194"/>
</kw>
<kw name="Click Element" owner="AppiumLibrary">
<msg time="2024-08-09T17:53:44.522971" level="INFO">Clicking element 'xpath=//div[contains(text(),'Aceitar')]'.</msg>
<msg time="2024-08-09T17:53:48.949685" level="INFO">xpath criteria: //div[contains(text(),'Aceitar')]</msg>
<arg>${btn_aceitar_preferencias}</arg>
<doc>Click element identified by `locator`.</doc>
<status status="PASS" start="2024-08-09T17:53:44.506384" elapsed="4.444483"/>
</kw>
<kw name="Wait Until Page Contains Element" owner="AppiumLibrary">
<msg time="2024-08-09T17:53:50.479819" level="INFO">xpath criteria: //h3[contains(text(),'Dupla de Orquídeas Amarelas para Presente')]</msg>
<arg>${lbl_nome_produto_um}</arg>
<arg>10000ms</arg>
<doc>Waits until element specified with `locator` appears on current page.</doc>
<status status="PASS" start="2024-08-09T17:53:48.953661" elapsed="1.527950"/>
</kw>
<kw name="Element Text Should Be" owner="AppiumLibrary">
<msg time="2024-08-09T17:53:50.513912" level="INFO">Verifying element 'xpath=//h3[contains(text(),'Dupla de Orquídeas Amarelas para Presente')]' contains exactly text 'Dupla de Orquídeas Amarelas para Presente'.</msg>
<msg time="2024-08-09T17:53:51.296185" level="INFO">xpath criteria: //h3[contains(text(),'Dupla de Orquídeas Amarelas para Presente')]</msg>
<arg>${lbl_nome_produto_um}</arg>
<arg>Dupla de Orquídeas Amarelas para Presente</arg>
<doc>Verifies element identified by ``locator`` exactly contains text ``expected``.</doc>
<status status="PASS" start="2024-08-09T17:53:50.483749" elapsed="0.813570"/>
</kw>
<kw name="Element Text Should Be" owner="AppiumLibrary">
<msg time="2024-08-09T17:53:51.318386" level="INFO">Verifying element 'css=div.container_full:nth-child(11) main.content-site:nth-child(8) main.main:nth-child(3) section.product-container:nth-child(3) div.product-container-left main.slider.content-left div.carousel-position-left.banner-product.owl-carousel.owl-theme div.owl-wrapper-outer div.owl-wrapper div.owl-item:nth-child(1) div.product-item a.list-carousel div.price &gt; span.actual-price' contains exactly text 'R$ 199,90'.</msg>
<arg>${lbl_preco_produto_um}</arg>
<arg>R$ 199,90</arg>
<doc>Verifies element identified by ``locator`` exactly contains text ``expected``.</doc>
<status status="PASS" start="2024-08-09T17:53:51.299051" elapsed="0.721246"/>
</kw>
<kw name="Wait Until Page Contains Element" owner="AppiumLibrary">
<arg>${img_produto_um}</arg>
<doc>Waits until element specified with `locator` appears on current page.</doc>
<status status="PASS" start="2024-08-09T17:53:52.021624" elapsed="0.095495"/>
</kw>
<kw name="Click Element" owner="AppiumLibrary">
<msg time="2024-08-09T17:53:52.131261" level="INFO">Clicking element 'css=div.container_full:nth-child(11) main.content-site:nth-child(8) main.main:nth-child(3) section.product-container:nth-child(3) div.product-container-left main.slider.content-left div.carousel-position-left.banner-product.owl-carousel.owl-theme div.owl-wrapper-outer div.owl-wrapper div.owl-item:nth-child(1) div.product-item a.list-carousel div.image-content &gt; img:nth-child(1)'.</msg>
<arg>${img_produto_um}</arg>
<doc>Click element identified by `locator`.</doc>
<status status="PASS" start="2024-08-09T17:53:52.118871" elapsed="3.909845"/>
</kw>
<kw name="Wait Until Page Contains Element" owner="AppiumLibrary">
<msg time="2024-08-09T17:53:56.620024" level="INFO">xpath criteria: //span[@id='ContentSite_lblProductDsName']</msg>
<arg>${lbl_nome_produto_dois}</arg>
<arg>10000ms</arg>
<doc>Waits until element specified with `locator` appears on current page.</doc>
<status status="PASS" start="2024-08-09T17:53:56.030087" elapsed="0.590672"/>
</kw>
<kw name="Element Text Should Be" owner="AppiumLibrary">
<msg time="2024-08-09T17:53:56.639377" level="INFO">Verifying element 'xpath=//span[@id='ContentSite_lblProductDsName']' contains exactly text 'DUPLA DE ORQUÍDEAS AMARELAS PARA PRESENTE'.</msg>
<msg time="2024-08-09T17:53:57.309411" level="INFO">xpath criteria: //span[@id='ContentSite_lblProductDsName']</msg>
<arg>${lbl_nome_produto_dois}</arg>
<arg>DUPLA DE ORQUÍDEAS AMARELAS PARA PRESENTE</arg>
<doc>Verifies element identified by ``locator`` exactly contains text ``expected``.</doc>
<status status="PASS" start="2024-08-09T17:53:56.622000" elapsed="0.688497"/>
</kw>
<kw name="Element Text Should Be" owner="AppiumLibrary">
<msg time="2024-08-09T17:53:57.322478" level="INFO">Verifying element 'css=div.container_full:nth-child(13) main.content-site:nth-child(4) div:nth-child(9) div.prod:nth-child(1) div.prod_col2 div.preco_prod:nth-child(7) &gt; span.precoPor_prod:nth-child(3)' contains exactly text 'R$ 199,90'.</msg>
<arg>${lbl_preco_produto_dois}</arg>
<arg>R$ 199,90</arg>
<doc>Verifies element identified by ``locator`` exactly contains text ``expected``.</doc>
<status status="PASS" start="2024-08-09T17:53:57.313319" elapsed="0.232512"/>
</kw>
<kw name="Click Element" owner="AppiumLibrary">
<msg time="2024-08-09T17:53:57.563019" level="INFO">Clicking element 'css=#placeholder-mobile'.</msg>
<arg>${btn_cep}</arg>
<doc>Click element identified by `locator`.</doc>
<status status="PASS" start="2024-08-09T17:53:57.547069" elapsed="1.859235"/>
</kw>
<kw name="Input Text" owner="AppiumLibrary">
<msg time="2024-08-09T17:53:59.423485" level="INFO">Typing text '04535' into text field 'css=#ContentSite_txtZip'</msg>
<arg>${cep_parte_um}</arg>
<arg>04535</arg>
<doc>Types the given `text` into text field identified by `locator`.</doc>
<status status="PASS" start="2024-08-09T17:53:59.412700" elapsed="0.659535"/>
</kw>
<kw name="Input Text" owner="AppiumLibrary">
<msg time="2024-08-09T17:54:00.134863" level="INFO">Typing text '902' into text field 'css=#ContentSite_txtZipComplement'</msg>
<arg>${cep_parte_dois}</arg>
<arg>902</arg>
<doc>Types the given `text` into text field identified by `locator`.</doc>
<status status="PASS" start="2024-08-09T17:54:00.073639" elapsed="0.660149"/>
</kw>
<kw name="Click Element" owner="AppiumLibrary">
<msg time="2024-08-09T17:54:00.753374" level="INFO">Clicking element 'xpath=//body/form[@id='form1']/div[3]/main[1]/div[6]/div[1]/div[2]/div[14]/div[1]/div[1]/span[2]'.</msg>
<msg time="2024-08-09T17:54:02.266189" level="INFO">xpath criteria: //body/form[@id='form1']/div[3]/main[1]/div[6]/div[1]/div[2]/div[14]/div[1]/div[1]/span[2]</msg>
<arg>${btn_ok}</arg>
<doc>Click element identified by `locator`.</doc>
<status status="PASS" start="2024-08-09T17:54:00.735155" elapsed="1.531911"/>
</kw>
<kw name="Wait Until Page Contains Element" owner="AppiumLibrary">
<msg time="2024-08-09T17:54:02.513192" level="INFO">xpath criteria: //a[contains(text(),'HOJE')]</msg>
<arg>${ico_dia}</arg>
<arg>10000ms</arg>
<doc>Waits until element specified with `locator` appears on current page.</doc>
<status status="PASS" start="2024-08-09T17:54:02.268889" elapsed="0.244851"/>
</kw>
<kw name="Click Element" owner="AppiumLibrary">
<msg time="2024-08-09T17:54:02.523372" level="INFO">Clicking element 'xpath=//a[contains(text(),'HOJE')]'.</msg>
<msg time="2024-08-09T17:54:04.005427" level="INFO">xpath criteria: //a[contains(text(),'HOJE')]</msg>
<arg>${ico_dia}</arg>
<doc>Click element identified by `locator`.</doc>
<status status="PASS" start="2024-08-09T17:54:02.514774" elapsed="1.491231"/>
</kw>
<kw name="Wait Until Page Contains Element" owner="AppiumLibrary">
<msg time="2024-08-09T17:54:04.315337" level="INFO">xpath criteria: //body/form[@id='form1']/div[3]/main[1]/div[6]/div[1]/div[2]/div[10]/div[3]/div[6]/div[1]/ul[1]/li[1]/input[1]</msg>
<arg>${ico_turno}</arg>
<arg>10000ms</arg>
<doc>Waits until element specified with `locator` appears on current page.</doc>
<status status="PASS" start="2024-08-09T17:54:04.007584" elapsed="0.308827"/>
</kw>
<kw name="Click Element" owner="AppiumLibrary">
<msg time="2024-08-09T17:54:04.337249" level="INFO">Clicking element 'xpath=//body/form[@id='form1']/div[3]/main[1]/div[6]/div[1]/div[2]/div[10]/div[3]/div[6]/div[1]/ul[1]/li[1]/input[1]'.</msg>
<msg time="2024-08-09T17:54:06.877574" level="INFO">xpath criteria: //body/form[@id='form1']/div[3]/main[1]/div[6]/div[1]/div[2]/div[10]/div[3]/div[6]/div[1]/ul[1]/li[1]/input[1]</msg>
<arg>${ico_turno}</arg>
<doc>Click element identified by `locator`.</doc>
<status status="PASS" start="2024-08-09T17:54:04.318131" elapsed="2.560551"/>
</kw>
<kw name="Wait Until Page Contains Element" owner="AppiumLibrary">
<arg>${lbl_nome_produto_tres}</arg>
<arg>20000ms</arg>
<doc>Waits until element specified with `locator` appears on current page.</doc>
<status status="PASS" start="2024-08-09T17:54:06.880046" elapsed="3.048540"/>
</kw>
<kw name="Element Text Should Be" owner="AppiumLibrary">
<msg time="2024-08-09T17:54:09.940437" level="INFO">Verifying element 'css=div.giuliana2013:nth-child(13) div.content_checkout div.content_basket:nth-child(5) div.upnBasket:nth-child(4) div.box_basket:nth-child(2) div.basket:nth-child(2) ul.prods_basket li:nth-child(1) div.info_prod_basket:nth-child(2) span.prodBasket_nome:nth-child(1) &gt; a:nth-child(1)' contains exactly text 'Dupla de Orquídeas Amarelas para Presente'.</msg>
<arg>${lbl_nome_produto_tres}</arg>
<arg>Dupla de Orquídeas Amarelas para Presente</arg>
<doc>Verifies element identified by ``locator`` exactly contains text ``expected``.</doc>
<status status="PASS" start="2024-08-09T17:54:09.930352" elapsed="0.489832"/>
</kw>
<kw name="Element Text Should Be" owner="AppiumLibrary">
<msg time="2024-08-09T17:54:10.437777" level="INFO">Verifying element 'xpath=//body/form[@id='form1']/div[2]/div[3]/div[5]/div[3]/div[1]/div[2]/ul[2]/li[1]/div[4]/span[2]' contains exactly text 'R$ 199,90'.</msg>
<msg time="2024-08-09T17:54:10.594776" level="INFO">xpath criteria: //body/form[@id='form1']/div[2]/div[3]/div[5]/div[3]/div[1]/div[2]/ul[2]/li[1]/div[4]/span[2]</msg>
<arg>${lbl_preco_produto_tres}</arg>
<arg>R$ 199,90</arg>
<doc>Verifies element identified by ``locator`` exactly contains text ``expected``.</doc>
<status status="PASS" start="2024-08-09T17:54:10.424625" elapsed="0.171148"/>
</kw>
<kw name="Wait Until Page Contains Element" owner="AppiumLibrary">
<msg time="2024-08-09T17:54:10.681173" level="INFO">xpath criteria: //a[@id='ContentSite_Basketcontrol1_rptBasket_imbFinalize_0']</msg>
<arg>${ico_continuar}</arg>
<arg>10000ms</arg>
<doc>Waits until element specified with `locator` appears on current page.</doc>
<status status="PASS" start="2024-08-09T17:54:10.597661" elapsed="0.084297"/>
</kw>
<kw name="Click Element" owner="AppiumLibrary">
<msg time="2024-08-09T17:54:10.690670" level="INFO">Clicking element 'xpath=//a[@id='ContentSite_Basketcontrol1_rptBasket_imbFinalize_0']'.</msg>
<msg time="2024-08-09T17:54:11.673279" level="INFO">xpath criteria: //a[@id='ContentSite_Basketcontrol1_rptBasket_imbFinalize_0']</msg>
<arg>${ico_continuar}</arg>
<doc>Click element identified by `locator`.</doc>
<status status="PASS" start="2024-08-09T17:54:10.683178" elapsed="0.990783"/>
</kw>
<kw name="Wait Until Page Contains Element" owner="AppiumLibrary">
<msg time="2024-08-09T17:54:12.816693" level="INFO">xpath criteria: //span[contains(text(),'DIGITE SEU E-MAIL OU CPF')]
xpath criteria: //span[contains(text(),'DIGITE SEU E-MAIL OU CPF')]</msg>
<arg>${txt_login}</arg>
<arg>10000ms</arg>
<doc>Waits until element specified with `locator` appears on current page.</doc>
<status status="PASS" start="2024-08-09T17:54:11.678492" elapsed="1.138810"/>
</kw>
<kw name="Element Text Should Be" owner="AppiumLibrary">
<msg time="2024-08-09T17:54:12.838830" level="INFO">Verifying element 'xpath=//span[contains(text(),'DIGITE SEU E-MAIL OU CPF')]' contains exactly text 'DIGITE SEU E-MAIL OU CPF'.</msg>
<msg time="2024-08-09T17:54:13.401138" level="INFO">xpath criteria: //span[contains(text(),'DIGITE SEU E-MAIL OU CPF')]</msg>
<arg>${txt_login}</arg>
<arg>DIGITE SEU E-MAIL OU CPF</arg>
<doc>Verifies element identified by ``locator`` exactly contains text ``expected``.</doc>
<status status="PASS" start="2024-08-09T17:54:12.818818" elapsed="0.583029"/>
</kw>
<kw name="Close Application" owner="AppiumLibrary" type="TEARDOWN">
<doc>Closes the current application and also close webdriver session.</doc>
<status status="PASS" start="2024-08-09T17:54:13.404063" elapsed="0.420051"/>
</kw>
<status status="PASS" start="2024-08-09T17:52:48.177693" elapsed="85.649588"/>
</test>
<status status="PASS" start="2024-08-09T17:52:47.638426" elapsed="86.202347"/>
</suite>
<statistics>
<total>
<stat pass="1" fail="0" skip="0">All Tests</stat>
</total>
<tag>
</tag>
<suite>
<stat pass="1" fail="0" skip="0" id="s1" name="Consulta Produto Mobile Simples">Consulta Produto Mobile Simples</stat>
</suite>
</statistics>
<errors>
</errors>
</robot>
